Arguments: 
  /Users/cony_fernandez/.nvm/versions/node/v16.19.1/bin/node /usr/local/Cellar/yarn/1.22.19/libexec/bin/yarn.js add axios

PATH: 
  /Users/cony_fernandez/.rvm/gems/ruby-2.6.6/bin:/Users/cony_fernandez/.rvm/gems/ruby-2.6.6@global/bin:/Users/cony_fernandez/.rvm/rubies/ruby-2.6.6/bin:/Users/cony_fernandez/.nvm/versions/node/v16.19.1/bin:/usr/local/bin:/usr/bin:/bin:/usr/sbin:/sbin:/Users/cony_fernandez/.rvm/gems/ruby-2.6.6/bin:/Users/cony_fernandez/.rvm/gems/ruby-2.6.6@global/bin:/Users/cony_fernandez/.rvm/rubies/ruby-2.6.6/bin:/Library/Frameworks/Python.framework/Versions/3.8/bin:/Library/Frameworks/Python.framework/Versions/3.7/bin:/Users/cony_fernandez/.rvm/bin:/Users/cony_fernandez/.rvm/bin

Yarn version: 
  1.22.19

Node version: 
  16.19.1

Platform: 
  darwin x64

Trace: 
  SyntaxError: /Users/cony_fernandez/Desktop/t3_ti/package.json: Unexpected string in JSON at position 131
      at JSON.parse (<anonymous>)
      at /usr/local/Cellar/yarn/1.22.19/libexec/lib/cli.js:1629:59
      at Generator.next (<anonymous>)
      at step (/usr/local/Cellar/yarn/1.22.19/libexec/lib/cli.js:310:30)
      at /usr/local/Cellar/yarn/1.22.19/libexec/lib/cli.js:321:13

npm manifest: 
  {
    "name": "t3_ti",
    "version": "1.0.0",
    "main": "index.js",
    "license": "MIT",
    "dependencies": {
      "all": "^0.0.0"
    }
    "scripts": {
      "start": "node src/app.js",
      "dev": "nodemon src/app.js"
    },
    "devDependencies": {
      "nodemon": "^2.0.22"
    }
  }

yarn manifest: 
  No manifest

Lockfile: 
  # THIS IS AN AUTOGENERATED FILE. DO NOT EDIT THIS FILE DIRECTLY.
  # yarn lockfile v1
  
  
  all@^0.0.0:
    version "0.0.0"
    resolved "https://registry.yarnpkg.com/all/-/all-0.0.0.tgz#fb2aa75d4759d40e39ecbb118fabf0cc11ff554f"
    integrity sha512-0oKlfNVv2d+d7c1gwjGspzgbwot47PGQ4b3v1ccx4mR8l9P/Y6E6Dr/yE8lNT63EcAKEbHo6UG3odDpC/NQcKw==
